{
  "RSpec": {
    "coverage": {
      "/Users/anusha/Projects/Individual_Challenge/bank_tect_test/spec/account_spec.rb": {
        "lines": [
          1,
          null,
          1,
          1,
          1,
          1,
          1,
          1,
          null,
          null,
          null,
          1,
          1,
          1,
          1,
          1,
          null,
          null,
          null,
          1,
          1,
          1,
          1,
          1,
          1,
          null,
          null,
          null,
          null,
          null
        ]
      },
      "/Users/anusha/Projects/Individual_Challenge/bank_tect_test/lib/account.rb": {
        "lines": [
          1,
          null,
          1,
          null,
          1,
          4,
          4,
          null,
          null,
          1,
          3,
          3,
          null,
          null,
          1,
          3,
          3,
          null,
          null,
          null
        ]
      },
      "/Users/anusha/Projects/Individual_Challenge/bank_tect_test/spec/statement_spec.rb": {
        "lines": [
          1,
          null,
          1,
          1,
          1,
          1,
          1,
          1,
          2,
          null,
          null
        ]
      },
      "/Users/anusha/Projects/Individual_Challenge/bank_tect_test/lib/statement.rb": {
        "lines": [
          1,
          null,
          1,
          null,
          1,
          1,
          null,
          null,
          1,
          1,
          1,
          2,
          null,
          null,
          null,
          null
        ]
      }
    },
    "timestamp": 1651005670
  }
}
